https://web.archive.org/web/20220428052340/https://twitter.com/an_cabraal/status/1478615762432835584?lang=ar : HTTP Error 404: Not Found
https://web.archive.org/web/20220430062927/https://twitter.com/an_cabraal/status/1478615762432835584?lang=ar&ref_src=twsrc%5Etfw : HTTP Error 404: Not Found
https://web.archive.org/web/20220423094827/https://twitter.com/an_cabraal/status/1478615762432835584?lang=bg : HTTP Error 404: Not Found
https://web.archive.org/web/20220430062929/https://twitter.com/an_cabraal/status/1478615762432835584?lang=bg&ref_src=twsrc%5Etfw : HTTP Error 404: Not Found
https://web.archive.org/web/20220429173735/https://twitter.com/an_cabraal/status/1478615762432835584?lang=bn : HTTP Error 404: Not Found
https://web.archive.org/web/20220429173736/https://twitter.com/an_cabraal/status/1478615762432835584?lang=bn&ref_src=twsrc%5Etfw : HTTP Error 404: Not Found
https://web.archive.org/web/20220430062930/https://twitter.com/an_cabraal/status/1478615762432835584?lang=ca : HTTP Error 404: Not Found
https://web.archive.org/web/20220428052342/https://twitter.com/an_cabraal/status/1478615762432835584?lang=ca&ref_src=twsrc%5Etfw : HTTP Error 404: Not Found
https://web.archive.org/web/20220428052344/https://twitter.com/an_cabraal/status/1478615762432835584?lang=cs : HTTP Error 404: Not Found
https://web.archive.org/web/20220429173736/https://twitter.com/an_cabraal/status/1478615762432835584?lang=cs&ref_src=twsrc%5Etfw : HTTP Error 404: Not Found
https://web.archive.org/web/20220430062931/https://twitter.com/an_cabraal/status/1478615762432835584?lang=da : HTTP Error 404: Not Found
https://web.archive.org/web/20220430062933/https://twitter.com/an_cabraal/status/1478615762432835584?lang=da&ref_src=twsrc%5Etfw : HTTP Error 404: Not Found
https://web.archive.org/web/20220430062934/https://twitter.com/an_cabraal/status/1478615762432835584?lang=de : HTTP Error 404: Not Found
https://web.archive.org/web/20220430062941/https://twitter.com/an_cabraal/status/1478615762432835584?lang=de&ref_src=twsrc%5Etfw : HTTP Error 404: Not Found
https://web.archive.org/web/20220428052345/https://twitter.com/an_cabraal/status/1478615762432835584?lang=el : HTTP Error 404: Not Found
https://web.archive.org/web/20220429173737/https://twitter.com/an_cabraal/status/1478615762432835584?lang=el&ref_src=twsrc%5Etfw : HTTP Error 404: Not Found
https://web.archive.org/web/20220430062942/https://twitter.com/an_cabraal/status/1478615762432835584?lang=en : HTTP Error 404: Not Found
https://web.archive.org/web/20220423094829/https://twitter.com/an_cabraal/status/1478615762432835584?lang=en&ref_src=twsrc%5Etfw : HTTP Error 404: Not Found
https://web.archive.org/web/20220430062944/https://twitter.com/an_cabraal/status/1478615762432835584?lang=en-gb : HTTP Error 404: Not Found
https://web.archive.org/web/20220430062945/https://twitter.com/an_cabraal/status/1478615762432835584?lang=en-gb&ref_src=twsrc%5Etfw : HTTP Error 404: Not Found
https://web.archive.org/web/20220429173738/https://twitter.com/an_cabraal/status/1478615762432835584?lang=es : HTTP Error 404: Not Found
https://web.archive.org/web/20220423094835/https://twitter.com/an_cabraal/status/1478615762432835584?ref_src=twsrc%5Etfw&lang=es : HTTP Error 404: Not Found
https://web.archive.org/web/20220430062947/https://twitter.com/an_cabraal/status/1478615762432835584?lang=es&ref_src=twsrc%5Etfw : HTTP Error 404: Not Found
https://web.archive.org/web/20220428052347/https://twitter.com/an_cabraal/status/1478615762432835584?lang=eu : HTTP Error 404: Not Found
https://web.archive.org/web/20220428052348/https://twitter.com/an_cabraal/status/1478615762432835584?lang=eu&ref_src=twsrc%5Etfw : HTTP Error 404: Not Found
https://web.archive.org/web/20220428052357/https://twitter.com/an_cabraal/status/1478615762432835584?lang=fa : HTTP Error 404: Not Found
https://web.archive.org/web/20220428052358/https://twitter.com/an_cabraal/status/1478615762432835584?lang=fa&ref_src=twsrc%5Etfw : HTTP Error 404: Not Found
https://web.archive.org/web/20220428052400/https://twitter.com/an_cabraal/status/1478615762432835584?lang=fi : HTTP Error 404: Not Found
https://web.archive.org/web/20220430063430/https://twitter.com/an_cabraal/status/1478615762432835584?lang=fi&ref_src=twsrc%5Etfw : HTTP Error 404: Not Found
https://web.archive.org/web/20220428052401/https://twitter.com/an_cabraal/status/1478615762432835584?lang=fil : HTTP Error 404: Not Found
https://web.archive.org/web/20220428052403/https://twitter.com/an_cabraal/status/1478615762432835584?lang=fil&ref_src=twsrc%5Etfw : HTTP Error 404: Not Found
https://web.archive.org/web/20220430063432/https://twitter.com/an_cabraal/status/1478615762432835584?lang=fr : HTTP Error 404: Not Found
https://web.archive.org/web/20220430063723/https://twitter.com/an_cabraal/status/1478615762432835584?lang=fr&ref_src=twsrc%5Etfw : HTTP Error 404: Not Found
https://web.archive.org/web/20220430063724/https://twitter.com/an_cabraal/status/1478615762432835584?lang=ga : HTTP Error 404: Not Found
https://web.archive.org/web/20220428052404/https://twitter.com/an_cabraal/status/1478615762432835584?lang=ga&ref_src=twsrc%5Etfw : HTTP Error 404: Not Found
https://web.archive.org/web/20220429173738/https://twitter.com/an_cabraal/status/1478615762432835584?lang=ga&ref_src=twsrc%5Etfw : HTTP Error 404: Not Found
https://web.archive.org/web/20220428052405/https://twitter.com/an_cabraal/status/1478615762432835584?lang=gl : HTTP Error 404: Not Found
https://web.archive.org/web/20220430063725/https://twitter.com/an_cabraal/status/1478615762432835584?lang=gl&ref_src=twsrc%5Etfw : HTTP Error 404: Not Found
https://web.archive.org/web/20220430063727/https://twitter.com/an_cabraal/status/1478615762432835584?lang=gu : HTTP Error 404: Not Found
https://web.archive.org/web/20220429173738/https://twitter.com/an_cabraal/status/1478615762432835584?lang=gu&ref_src=twsrc%5Etfw : HTTP Error 404: Not Found
https://web.archive.org/web/20220423094830/https://twitter.com/an_cabraal/status/1478615762432835584?lang=he : HTTP Error 404: Not Found
https://web.archive.org/web/20220423094837/https://twitter.com/an_cabraal/status/1478615762432835584?ref_src=twsrc%5Etfw&lang=he : HTTP Error 404: Not Found
https://web.archive.org/web/20220428052407/https://twitter.com/an_cabraal/status/1478615762432835584?lang=he&ref_src=twsrc%5Etfw : HTTP Error 404: Not Found
https://web.archive.org/web/20220430063728/https://twitter.com/an_cabraal/status/1478615762432835584?lang=hi : HTTP Error 404: Not Found
https://web.archive.org/web/20220423094846/https://twitter.com/an_cabraal/status/1478615762432835584?ref_src=twsrc%5Etfw&lang=hi : HTTP Error 404: Not Found
https://web.archive.org/web/20220429173739/https://twitter.com/an_cabraal/status/1478615762432835584?lang=hi&ref_src=twsrc%5Etfw : HTTP Error 404: Not Found
https://web.archive.org/web/20220430063730/https://twitter.com/an_cabraal/status/1478615762432835584?lang=hr : HTTP Error 404: Not Found
https://web.archive.org/web/20220430063731/https://twitter.com/an_cabraal/status/1478615762432835584?lang=hr&ref_src=twsrc%5Etfw : HTTP Error 404: Not Found
https://web.archive.org/web/20220428052409/https://twitter.com/an_cabraal/status/1478615762432835584?lang=hu : HTTP Error 404: Not Found
https://web.archive.org/web/20220430063738/https://twitter.com/an_cabraal/status/1478615762432835584?lang=hu&ref_src=twsrc%5Etfw : HTTP Error 404: Not Found
https://web.archive.org/web/20220430063740/https://twitter.com/an_cabraal/status/1478615762432835584?lang=id : HTTP Error 404: Not Found
https://web.archive.org/web/20220428052410/https://twitter.com/an_cabraal/status/1478615762432835584?lang=id&ref_src=twsrc%5Etfw : HTTP Error 404: Not Found
https://web.archive.org/web/20220429173740/https://twitter.com/an_cabraal/status/1478615762432835584?lang=it : HTTP Error 404: Not Found
https://web.archive.org/web/20220430063741/https://twitter.com/an_cabraal/status/1478615762432835584?lang=it&ref_src=twsrc%5Etfw : HTTP Error 404: Not Found
https://web.archive.org/web/20220430063742/https://twitter.com/an_cabraal/status/1478615762432835584?lang=ja : HTTP Error 404: Not Found
https://web.archive.org/web/20220429173741/https://twitter.com/an_cabraal/status/1478615762432835584?lang=ja&ref_src=twsrc%5Etfw : HTTP Error 404: Not Found
https://web.archive.org/web/20220430063744/https://twitter.com/an_cabraal/status/1478615762432835584?lang=kn : HTTP Error 404: Not Found
https://web.archive.org/web/20220430063745/https://twitter.com/an_cabraal/status/1478615762432835584?lang=kn&ref_src=twsrc%5Etfw : <urlopen error [Errno 61] Connection refused>
https://web.archive.org/web/20220430063747/https://twitter.com/an_cabraal/status/1478615762432835584?lang=ko : <urlopen error [Errno 61] Connection refused>
https://web.archive.org/web/20220428052411/https://twitter.com/an_cabraal/status/1478615762432835584?lang=ko&ref_src=twsrc%5Etfw : HTTP Error 404: Not Found
https://web.archive.org/web/20220416000403/https://twitter.com/an_cabraal/status/1478615762432835584?lang=mr : HTTP Error 404: Not Found
https://web.archive.org/web/20220423094831/https://twitter.com/an_cabraal/status/1478615762432835584?lang=mr&ref_src=twsrc%5Etfw : HTTP Error 404: Not Found
https://web.archive.org/web/20220429182450/https://twitter.com/an_cabraal/status/1478615762432835584?lang=ms : HTTP Error 404: Not Found
https://web.archive.org/web/20220428052412/https://twitter.com/an_cabraal/status/1478615762432835584?lang=ms&ref_src=twsrc%5Etfw : HTTP Error 404: Not Found
https://web.archive.org/web/20220428052414/https://twitter.com/an_cabraal/status/1478615762432835584?lang=nl : HTTP Error 404: Not Found
https://web.archive.org/web/20220428052422/https://twitter.com/an_cabraal/status/1478615762432835584?lang=nl&ref_src=twsrc%5Etfw : HTTP Error 404: Not Found
https://web.archive.org/web/20220428052424/https://twitter.com/an_cabraal/status/1478615762432835584?lang=no : HTTP Error 404: Not Found
https://web.archive.org/web/20220430063748/https://twitter.com/an_cabraal/status/1478615762432835584?lang=no&ref_src=twsrc%5Etfw : HTTP Error 404: Not Found
https://web.archive.org/web/20220428052425/https://twitter.com/an_cabraal/status/1478615762432835584?lang=pl : HTTP Error 404: Not Found
https://web.archive.org/web/20220430063755/https://twitter.com/an_cabraal/status/1478615762432835584?lang=pl&ref_src=twsrc%5Etfw : HTTP Error 404: Not Found
https://web.archive.org/web/20220430063756/https://twitter.com/an_cabraal/status/1478615762432835584?lang=pt : HTTP Error 404: Not Found
https://web.archive.org/web/20220430063757/https://twitter.com/an_cabraal/status/1478615762432835584?lang=pt&ref_src=twsrc%5Etfw : HTTP Error 404: Not Found
https://web.archive.org/web/20220430063759/https://twitter.com/an_cabraal/status/1478615762432835584?lang=ro : HTTP Error 404: Not Found
https://web.archive.org/web/20220428052427/https://twitter.com/an_cabraal/status/1478615762432835584?lang=ro&ref_src=twsrc%5Etfw : HTTP Error 404: Not Found
https://web.archive.org/web/20220428052428/https://twitter.com/an_cabraal/status/1478615762432835584?lang=ru : HTTP Error 404: Not Found
https://web.archive.org/web/20220428052429/https://twitter.com/an_cabraal/status/1478615762432835584?lang=ru&ref_src=twsrc%5Etfw : HTTP Error 404: Not Found
https://web.archive.org/web/20220416003825/https://twitter.com/an_cabraal/status/1478615762432835584?lang=sk : HTTP Error 404: Not Found
https://web.archive.org/web/20220423094847/https://twitter.com/an_cabraal/status/1478615762432835584?ref_src=twsrc%5Etfw&lang=sk : HTTP Error 404: Not Found
https://web.archive.org/web/20220430063800/https://twitter.com/an_cabraal/status/1478615762432835584?lang=sk&ref_src=twsrc%5Etfw : HTTP Error 404: Not Found
https://web.archive.org/web/20220428052431/https://twitter.com/an_cabraal/status/1478615762432835584?lang=sr : HTTP Error 404: Not Found
https://web.archive.org/web/20220430063802/https://twitter.com/an_cabraal/status/1478615762432835584?lang=sr&ref_src=twsrc%5Etfw : HTTP Error 404: Not Found
https://web.archive.org/web/20220429182452/https://twitter.com/an_cabraal/status/1478615762432835584?lang=sv : HTTP Error 404: Not Found
https://web.archive.org/web/20220423094833/https://twitter.com/an_cabraal/status/1478615762432835584?lang=sv&ref_src=twsrc%5Etfw : HTTP Error 404: Not Found
https://web.archive.org/web/20220423094834/https://twitter.com/an_cabraal/status/1478615762432835584?lang=ta : HTTP Error 404: Not Found
https://web.archive.org/web/20220430063803/https://twitter.com/an_cabraal/status/1478615762432835584?lang=ta&ref_src=twsrc%5Etfw : HTTP Error 404: Not Found
https://web.archive.org/web/20220428052432/https://twitter.com/an_cabraal/status/1478615762432835584?lang=th : HTTP Error 404: Not Found
https://web.archive.org/web/20220428052434/https://twitter.com/an_cabraal/status/1478615762432835584?lang=th&ref_src=twsrc%5Etfw : HTTP Error 404: Not Found
https://web.archive.org/web/20220428052435/https://twitter.com/an_cabraal/status/1478615762432835584?lang=tr : HTTP Error 404: Not Found
https://web.archive.org/web/20220428052437/https://twitter.com/an_cabraal/status/1478615762432835584?lang=tr&ref_src=twsrc%5Etfw : HTTP Error 404: Not Found
https://web.archive.org/web/20220428052438/https://twitter.com/an_cabraal/status/1478615762432835584?lang=uk : HTTP Error 404: Not Found
https://web.archive.org/web/20220428052440/https://twitter.com/an_cabraal/status/1478615762432835584?lang=uk&ref_src=twsrc%5Etfw : HTTP Error 404: Not Found
https://web.archive.org/web/20220428052441/https://twitter.com/an_cabraal/status/1478615762432835584?lang=ur : HTTP Error 404: Not Found
https://web.archive.org/web/20220430063805/https://twitter.com/an_cabraal/status/1478615762432835584?lang=ur&ref_src=twsrc%5Etfw : HTTP Error 404: Not Found
https://web.archive.org/web/20220429182453/https://twitter.com/an_cabraal/status/1478615762432835584?lang=vi : HTTP Error 404: Not Found
https://web.archive.org/web/20220430063807/https://twitter.com/an_cabraal/status/1478615762432835584?lang=vi&ref_src=twsrc%5Etfw : HTTP Error 404: Not Found
https://web.archive.org/web/20220429182453/https://twitter.com/an_cabraal/status/1478615762432835584?lang=zh-cn : HTTP Error 404: Not Found
https://web.archive.org/web/20220430063808/https://twitter.com/an_cabraal/status/1478615762432835584?lang=zh-cn&ref_src=twsrc%5Etfw : HTTP Error 404: Not Found
https://web.archive.org/web/20220429182454/https://twitter.com/an_cabraal/status/1478615762432835584?lang=zh-tw : HTTP Error 404: Not Found
https://web.archive.org/web/20220430063817/https://twitter.com/an_cabraal/status/1478615762432835584?lang=zh-tw&ref_src=twsrc%5Etfw : HTTP Error 404: Not Found
https://web.archive.org/web/20220809011822/https://twitter.com/an_cabraal/status/1483718177347768320 : HTTP Error 429: Too Many Requests
https://web.archive.org/web/20220531215003/https://twitter.com/an_cabraal/status/1495786275760381952?ref_src=twsrc%5Etfw : HTTP Error 404: Not Found
https://web.archive.org/web/20220529231438/https://twitter.com/an_cabraal/status/1500882469112872960/photo/1 : HTTP Error 404: Not Found
https://web.archive.org/web/20220601092045/https://twitter.com/an_cabraal/status/1500882469112872960?ref_src=twsrc%5Etfw : HTTP Error 404: Not Found
https://web.archive.org/web/20220601092047/https://twitter.com/an_cabraal/status/1500882469112872960?ref_src=twsrc%5Etfw : HTTP Error 404: Not Found
https://web.archive.org/web/20220514180901/https://twitter.com/an_cabraal/status/1507208568990154752?ref_src=twsrc%5Etfw : HTTP Error 404: Not Found
https://web.archive.org/web/20220413080844/https://twitter.com/an_cabraal/status/1510854130272641030 : HTTP Error 404: Not Found
https://web.archive.org/web/20220415081900/https://twitter.com/an_cabraal/status/1510854130272641030 : HTTP Error 404: Not Found
https://web.archive.org/web/20220908001959/https://twitter.com/an_cabraal/status/1510854130272641030 : 'utf-8' codec can't decode bytes in position 47460-47461: invalid continuation byte
https://web.archive.org/web/20220908002001/https://twitter.com/an_cabraal/status/1510854130272641030 : 'utf-8' codec can't decode bytes in position 47458-47459: invalid continuation byte
https://web.archive.org/web/20220412172030/https://twitter.com/an_cabraal/status/1510854130272641030?ref_src=twsrc%5Etfw&lang=bg : HTTP Error 404: Not Found
https://web.archive.org/web/20220412172029/https://twitter.com/an_cabraal/status/1510854130272641030?ref_src=twsrc%5Etfw&lang=en-gb : HTTP Error 404: Not Found
https://web.archive.org/web/20220412171910/https://twitter.com/an_cabraal/status/1510854130272641030?ref_src=twsrc%5Etfw&lang=fil : HTTP Error 404: Not Found
https://web.archive.org/web/20220412172028/https://twitter.com/an_cabraal/status/1510854130272641030?ref_src=twsrc%5Etfw&lang=gl : HTTP Error 404: Not Found
https://web.archive.org/web/20220412171905/https://twitter.com/an_cabraal/status/1510854130272641030?ref_src=twsrc%5Etfw&lang=id : HTTP Error 404: Not Found
https://web.archive.org/web/20220412172026/https://twitter.com/an_cabraal/status/1510854130272641030?ref_src=twsrc%5Etfw&lang=sk : HTTP Error 404: Not Found
https://web.archive.org/web/20220412172025/https://twitter.com/an_cabraal/status/1510854130272641030?ref_src=twsrc%5Etfw&lang=vi : HTTP Error 404: Not Found
https://web.archive.org/web/20220530114213/https://twitter.com/an_cabraal/status/1510854130272641030?ref_src=twsrc%5Etfw : HTTP Error 404: Not Found
https://web.archive.org/web/20220510053350/https://twitter.com/an_cabraal/status/1510854483219156998?ref_src=twsrc%5Etfw : HTTP Error 404: Not Found
